# JRE version: Java(TM) SE Runtime Environment (8.0_111-b14) (build 1.8.0_111-b14)
# Java VM: Java HotSpot(TM) 64-Bit Server VM (25.111-b14 mixed mode windows-amd64 compressed oops)
Heap:
 PSYoungGen      total 174080K, used 26975K [0x00000000eab00000, 0x00000000f5580000, 0x0000000100000000)
  eden space 173568K, 15% used [0x00000000eab00000,0x00000000ec537dd0,0x00000000f5480000)
  from space 512K, 25% used [0x00000000f5500000,0x00000000f5520000,0x00000000f5580000)
  to   space 512K, 0% used [0x00000000f5480000,0x00000000f5480000,0x00000000f5500000)
 ParOldGen       total 378368K, used 100491K [0x00000000c0000000, 0x00000000d7180000, 0x00000000eab00000)
  object space 378368K, 26% used [0x00000000c0000000,0x00000000c6222f48,0x00000000d7180000)
 Metaspace       used 84427K, capacity 85363K, committed 85504K, reserved 1118208K
  class space    used 15802K, capacity 16099K, committed 16128K, reserved 1048576K
GC Heap History (10 events):
Event: 66038.380 GC heap before
{Heap before GC invocations=637 (full 3):
 PSYoungGen      total 174080K, used 173728K [0x00000000eab00000, 0x00000000f5580000, 0x0000000100000000)
  eden space 173568K, 100% used [0x00000000eab00000,0x00000000f5480000,0x00000000f5480000)
  from space 512K, 31% used [0x00000000f5480000,0x00000000f54a8000,0x00000000f5500000)
  to   space 512K, 0% used [0x00000000f5500000,0x00000000f5500000,0x00000000f5580000)
 ParOldGen       total 378368K, used 100491K [0x00000000c0000000, 0x00000000d7180000, 0x00000000eab00000)
  object space 378368K, 26% used [0x00000000c0000000,0x00000000c6222f48,0x00000000d7180000)
 Metaspace       used 84427K, capacity 85363K, committed 85504K, reserved 1118208K
  class space    used 15802K, capacity 16099K, committed 16128K, reserved 1048576K
Event: 66038.390 GC heap after
Heap after GC invocations=637 (full 3):
 PSYoungGen      total 174080K, used 128K [0x00000000eab00000, 0x00000000f5580000, 0x0000000100000000)
  eden space 173568K, 0% used [0x00000000eab00000,0x00000000eab00000,0x00000000f5480000)
  from space 512K, 25% used [0x00000000f5500000,0x00000000f5520000,0x00000000f5580000)
  to   space 512K, 0% used [0x00000000f5480000,0x00000000f5480000,0x00000000f5500000)
 ParOldGen       total 378368K, used 100491K [0x00000000c0000000, 0x00000000d7180000, 0x00000000eab00000)
  object space 378368K, 26% used [0x00000000c0000000,0x00000000c6222f48,0x00000000d7180000)
 Metaspace       used 84427K, capacity 85363K, committed 85504K, reserved 1118208K
  class space    used 15802K, capacity 16099K, committed 16128K, reserved 1048576K
}
Event: 66087.942 GC heap before
{Heap before GC invocations=638 (full 3):
 PSYoungGen      total 174080K, used 173696K [0x00000000eab00000, 0x00000000f5580000, 0x0000000100000000)
  eden space 173568K, 100% used [0x00000000eab00000,0x00000000f5480000,0x00000000f5480000)
  from space 512K, 25% used [0x00000000f5500000,0x00000000f5520000,0x00000000f5580000)
  to   space 512K, 0% used [0x00000000f5480000,0x00000000f5480000,0x00000000f5500000)
 ParOldGen       total 378368K, used 100491K [0x00000000c0000000, 0x00000000d7180000, 0x00000000eab00000)
  object space 378368K, 26% used [0x00000000c0000000,0x00000000c6222f48,0x00000000d7180000)
 Metaspace       used 84427K, capacity 85363K, committed 85504K, reserved 1118208K
  class space    used 15802K, capacity 16099K, committed 16128K, reserved 1048576K
Event: 66087.951 GC heap after
Heap after GC invocations=638 (full 3):
 PSYoungGen      total 174080K, used 160K [0x00000000eab00000, 0x00000000f5580000, 0x0000000100000000)
  eden space 173568K, 0% used [0x00000000eab00000,0x00000000eab00000,0x00000000f5480000)
  from space 512K, 31% used [0x00000000f5480000,0x00000000f54a8000,0x00000000f5500000)
  to   space 512K, 0% used [0x00000000f5500000,0x00000000f5500000,0x00000000f5580000)
 ParOldGen       total 378368K, used 100491K [0x00000000c0000000, 0x00000000d7180000, 0x00000000eab00000)
  object space 378368K, 26% used [0x00000000c0000000,0x00000000c6222f48,0x00000000d7180000)
 Metaspace       used 84427K, capacity 85363K, committed 85504K, reserved 1118208K
  class space    used 15802K, capacity 16099K, committed 16128K, reserved 1048576K
}
Event: 66140.942 GC heap before
{Heap before GC invocations=639 (full 3):
 PSYoungGen      total 174080K, used 173728K [0x00000000eab00000, 0x00000000f5580000, 0x0000000100000000)
  eden space 173568K, 100% used [0x00000000eab00000,0x00000000f5480000,0x00000000f5480000)
  from space 512K, 31% used [0x00000000f5480000,0x00000000f54a8000,0x00000000f5500000)
  to   space 512K, 0% used [0x00000000f5500000,0x00000000f5500000,0x00000000f5580000)
 ParOldGen       total 378368K, used 100491K [0x00000000c0000000, 0x00000000d7180000, 0x00000000eab00000)
  object space 378368K, 26% used [0x00000000c0000000,0x00000000c6222f48,0x00000000d7180000)
 Metaspace       used 84427K, capacity 85363K, committed 85504K, reserved 1118208K
  class space    used 15802K, capacity 16099K, committed 16128K, reserved 1048576K
Event: 66140.946 GC heap after
Heap after GC invocations=639 (full 3):
 PSYoungGen      total 174080K, used 160K [0x00000000eab00000, 0x00000000f5580000, 0x0000000100000000)
  eden space 173568K, 0% used [0x00000000eab00000,0x00000000eab00000,0x00000000f5480000)
  from space 512K, 31% used [0x00000000f5500000,0x00000000f5528000,0x00000000f5580000)
  to   space 512K, 0% used [0x00000000f5480000,0x00000000f5480000,0x00000000f5500000)
 ParOldGen       total 378368K, used 100491K [0x00000000c0000000, 0x00000000d7180000, 0x00000000eab00000)
  object space 378368K, 26% used [0x00000000c0000000,0x00000000c6222f48,0x00000000d7180000)
 Metaspace       used 84427K, capacity 85363K, committed 85504K, reserved 1118208K
  class space    used 15802K, capacity 16099K, committed 16128K, reserved 1048576K
}
Event: 66194.623 GC heap before
{Heap before GC invocations=640 (full 3):
 PSYoungGen      total 174080K, used 173728K [0x00000000eab00000, 0x00000000f5580000, 0x0000000100000000)
  eden space 173568K, 100% used [0x00000000eab00000,0x00000000f5480000,0x00000000f5480000)
  from space 512K, 31% used [0x00000000f5500000,0x00000000f5528000,0x00000000f5580000)
  to   space 512K, 0% used [0x00000000f5480000,0x00000000f5480000,0x00000000f5500000)
 ParOldGen       total 378368K, used 100491K [0x00000000c0000000, 0x00000000d7180000, 0x00000000eab00000)
  object space 378368K, 26% used [0x00000000c0000000,0x00000000c6222f48,0x00000000d7180000)
 Metaspace       used 84427K, capacity 85363K, committed 85504K, reserved 1118208K
  class space    used 15802K, capacity 16099K, committed 16128K, reserved 1048576K
Event: 66194.632 GC heap after
Heap after GC invocations=640 (full 3):
 PSYoungGen      total 174080K, used 160K [0x00000000eab00000, 0x00000000f5580000, 0x0000000100000000)
  eden space 173568K, 0% used [0x00000000eab00000,0x00000000eab00000,0x00000000f5480000)
  from space 512K, 31% used [0x00000000f5480000,0x00000000f54a8000,0x00000000f5500000)
  to   space 512K, 0% used [0x00000000f5500000,0x00000000f5500000,0x00000000f5580000)
 ParOldGen       total 378368K, used 100491K [0x00000000c0000000, 0x00000000d7180000, 0x00000000eab00000)
  object space 378368K, 26% used [0x00000000c0000000,0x00000000c6222f48,0x00000000d7180000)
 Metaspace       used 84427K, capacity 85363K, committed 85504K, reserved 1118208K
  class space    used 15802K, capacity 16099K, committed 16128K, reserved 1048576K
}
Event: 66247.784 GC heap before
{Heap before GC invocations=641 (full 3):
 PSYoungGen      total 174080K, used 173728K [0x00000000eab00000, 0x00000000f5580000, 0x0000000100000000)
  eden space 173568K, 100% used [0x00000000eab00000,0x00000000f5480000,0x00000000f5480000)
  from space 512K, 31% used [0x00000000f5480000,0x00000000f54a8000,0x00000000f5500000)
  to   space 512K, 0% used [0x00000000f5500000,0x00000000f5500000,0x00000000f5580000)
 ParOldGen       total 378368K, used 100491K [0x00000000c0000000, 0x00000000d7180000, 0x00000000eab00000)
  object space 378368K, 26% used [0x00000000c0000000,0x00000000c6222f48,0x00000000d7180000)
 Metaspace       used 84427K, capacity 85363K, committed 85504K, reserved 1118208K
  class space    used 15802K, capacity 16099K, committed 16128K, reserved 1048576K
Event: 66247.792 GC heap after
Heap after GC invocations=641 (full 3):
 PSYoungGen      total 174080K, used 128K [0x00000000eab00000, 0x00000000f5580000, 0x0000000100000000)
  eden space 173568K, 0% used [0x00000000eab00000,0x00000000eab00000,0x00000000f5480000)
  from space 512K, 25% used [0x00000000f5500000,0x00000000f5520000,0x00000000f5580000)
  to   space 512K, 0% used [0x00000000f5480000,0x00000000f5480000,0x00000000f5500000)
 ParOldGen       total 378368K, used 100491K [0x00000000c0000000, 0x00000000d7180000, 0x00000000eab00000)
  object space 378368K, 26% used [0x00000000c0000000,0x00000000c6222f48,0x00000000d7180000)
 Metaspace       used 84427K, capacity 85363K, committed 85504K, reserved 1118208K
  class space    used 15802K, capacity 16099K, committed 16128K, reserved 1048576K
}

